[0.000000] (-) TimerEvent: {}
[0.000857] (px4_msgs) JobQueued: {'identifier': 'px4_msgs', 'dependencies': OrderedDict()}
[0.001148] (px4_msgs) JobStarted: {'identifier': 'px4_msgs'}
[0.015202] (px4_msgs) JobProgress: {'identifier': 'px4_msgs', 'progress': 'cmake'}
[0.015632] (px4_msgs) Command: {'cmd': ['/usr/bin/cmake', '/home/ros2mc/ros2_ws/src/px4_msgs', '-DCMAKE_INSTALL_PREFIX=/home/ros2mc/ros2_ws/src/install/px4_msgs'], 'cwd': '/home/ros2mc/ros2_ws/src/build/px4_msgs', 'env': OrderedDict([('LESSOPEN', '| /usr/bin/lesspipe %s'), ('USER', 'ros2mc'), ('LC_TIME', 'ko_KR.UTF-8'), ('XDG_SESSION_TYPE', 'x11'), ('SHLVL', '1'), ('LD_LIBRARY_PATH', '/home/ros2mc/ros2_ws/install/px4_msgs/lib:/opt/ros/humble/lib/aarch64-linux-gnu:/opt/ros/humble/lib'), ('HOME', '/home/ros2mc'), ('OLDPWD', '/home/ros2mc/ros2_ws/src/px4_msgs'), ('DESKTOP_SESSION', 'ubuntu'), ('NVM_BIN', '/home/ros2mc/.nvm/versions/node/v22.11.0/bin'), ('NVM_INC', '/home/ros2mc/.nvm/versions/node/v22.11.0/include/node'), ('ROS_PYTHON_VERSION', '3'), ('GNOME_SHELL_SESSION_MODE', 'ubuntu'), ('GTK_MODULES', 'gail:atk-bridge'), ('LC_MONETARY', 'ko_KR.UTF-8'), ('SYSTEMD_EXEC_PID', '2030'), ('DBUS_SESSION_BUS_ADDRESS', 'unix:path=/run/user/1000/bus'), ('COLORTERM', 'truecolor'), ('NVM_DIR', '/home/ros2mc/.nvm'), ('IM_CONFIG_PHASE', '1'), ('COLCON_PREFIX_PATH', '/home/ros2mc/ros2_ws/install'), ('ROS_DISTRO', 'humble'), ('GTK_IM_MODULE', 'ibus'), ('LOGNAME', 'ros2mc'), ('_', '/usr/bin/colcon'), ('ROS_VERSION', '2'), ('XDG_SESSION_CLASS', 'user'), ('USERNAME', 'ros2mc'), ('TERM', 'xterm-256color'), ('GNOME_DESKTOP_SESSION_ID', 'this-is-deprecated'), ('ROS_LOCALHOST_ONLY', '0'), ('WINDOWPATH', '2'), ('PATH', '/opt/ros/humble/bin:/home/ros2mc/.nvm/versions/node/v22.11.0/bin:/usr/local/sbin:/usr/local/bin:/usr/sbin:/usr/bin:/sbin:/bin:/usr/games:/usr/local/games:/snap/bin:/snap/bin'), ('SESSION_MANAGER', 'local/ros2:@/tmp/.ICE-unix/2007,unix/ros2:/tmp/.ICE-unix/2007'), ('XDG_MENU_PREFIX', 'gnome-'), ('LC_ADDRESS', 'ko_KR.UTF-8'), ('GNOME_TERMINAL_SCREEN', '/org/gnome/Terminal/screen/9a9ddab2_22c3_4352_a05f_f9ac8870bc1f'), ('XDG_RUNTIME_DIR', '/run/user/1000'), ('DISPLAY', ':0'), ('LANG', 'en_US.UTF-8'), ('XDG_CURRENT_DESKTOP', 'ubuntu:GNOME'), ('LC_TELEPHONE', 'ko_KR.UTF-8'), ('XMODIFIERS', '@im=ibus'), ('XDG_SESSION_DESKTOP', 'ubuntu'), ('XAUTHORITY', '/run/user/1000/gdm/Xauthority'), ('LS_COLORS', 'rs=0:di=01;34:ln=01;36:mh=00:pi=40;33:so=01;35:do=01;35:bd=40;33;01:cd=40;33;01:or=40;31;01:mi=00:su=37;41:sg=30;43:ca=30;41:tw=30;42:ow=34;42:st=37;44:ex=01;32:*.tar=01;31:*.tgz=01;31:*.arc=01;31:*.arj=01;31:*.taz=01;31:*.lha=01;31:*.lz4=01;31:*.lzh=01;31:*.lzma=01;31:*.tlz=01;31:*.txz=01;31:*.tzo=01;31:*.t7z=01;31:*.zip=01;31:*.z=01;31:*.dz=01;31:*.gz=01;31:*.lrz=01;31:*.lz=01;31:*.lzo=01;31:*.xz=01;31:*.zst=01;31:*.tzst=01;31:*.bz2=01;31:*.bz=01;31:*.tbz=01;31:*.tbz2=01;31:*.tz=01;31:*.deb=01;31:*.rpm=01;31:*.jar=01;31:*.war=01;31:*.ear=01;31:*.sar=01;31:*.rar=01;31:*.alz=01;31:*.ace=01;31:*.zoo=01;31:*.cpio=01;31:*.7z=01;31:*.rz=01;31:*.cab=01;31:*.wim=01;31:*.swm=01;31:*.dwm=01;31:*.esd=01;31:*.jpg=01;35:*.jpeg=01;35:*.mjpg=01;35:*.mjpeg=01;35:*.gif=01;35:*.bmp=01;35:*.pbm=01;35:*.pgm=01;35:*.ppm=01;35:*.tga=01;35:*.xbm=01;35:*.xpm=01;35:*.tif=01;35:*.tiff=01;35:*.png=01;35:*.svg=01;35:*.svgz=01;35:*.mng=01;35:*.pcx=01;35:*.mov=01;35:*.mpg=01;35:*.mpeg=01;35:*.m2v=01;35:*.mkv=01;35:*.webm=01;35:*.webp=01;35:*.ogm=01;35:*.mp4=01;35:*.m4v=01;35:*.mp4v=01;35:*.vob=01;35:*.qt=01;35:*.nuv=01;35:*.wmv=01;35:*.asf=01;35:*.rm=01;35:*.rmvb=01;35:*.flc=01;35:*.avi=01;35:*.fli=01;35:*.flv=01;35:*.gl=01;35:*.dl=01;35:*.xcf=01;35:*.xwd=01;35:*.yuv=01;35:*.cgm=01;35:*.emf=01;35:*.ogv=01;35:*.ogx=01;35:*.aac=00;36:*.au=00;36:*.flac=00;36:*.m4a=00;36:*.mid=00;36:*.midi=00;36:*.mka=00;36:*.mp3=00;36:*.mpc=00;36:*.ogg=00;36:*.ra=00;36:*.wav=00;36:*.oga=00;36:*.opus=00;36:*.spx=00;36:*.xspf=00;36:'), ('GNOME_TERMINAL_SERVICE', ':1.96'), ('SSH_AGENT_LAUNCHER', 'gnome-keyring'), ('SSH_AUTH_SOCK', '/run/user/1000/keyring/ssh'), ('AMENT_PREFIX_PATH', '/home/ros2mc/ros2_ws/install/px4_msgs:/home/ros2mc/ros2_ws/install/kari-ground-system:/opt/ros/humble'), ('SHELL', '/bin/bash'), ('LC_NAME', 'ko_KR.UTF-8'), ('QT_ACCESSIBILITY', '1'), ('GDMSESSION', 'ubuntu'), ('LESSCLOSE', '/usr/bin/lesspipe %s %s'), ('LC_MEASUREMENT', 'ko_KR.UTF-8'), ('GPG_AGENT_INFO', '/run/user/1000/gnupg/S.gpg-agent:0:1'), ('LC_IDENTIFICATION', 'ko_KR.UTF-8'), ('QT_IM_MODULE', 'ibus'), ('PWD', '/home/ros2mc/ros2_ws/src/build/px4_msgs'), ('XDG_CONFIG_DIRS', '/etc/xdg/xdg-ubuntu:/etc/xdg'), ('NVM_CD_FLAGS', ''), ('XDG_DATA_DIRS', '/usr/share/ubuntu:/usr/share/gnome:/usr/local/share/:/usr/share/:/var/lib/snapd/desktop'), ('PYTHONPATH', '/home/ros2mc/ros2_ws/install/px4_msgs/local/lib/python3.10/dist-packages:/opt/ros/humble/lib/python3.10/site-packages:/opt/ros/humble/local/lib/python3.10/dist-packages'), ('LC_NUMERIC', 'ko_KR.UTF-8'), ('LC_PAPER', 'ko_KR.UTF-8'), ('COLCON', '1'), ('VTE_VERSION', '6800'), ('CMAKE_PREFIX_PATH', '/home/ros2mc/ros2_ws/install/px4_msgs:/home/ros2mc/ros2_ws/install/kari-ground-system:/opt/ros/humble')]), 'shell': False}
[0.099372] (-) TimerEvent: {}
[0.114461] (px4_msgs) StdoutLine: {'line': b'-- The C compiler identification is GNU 11.4.0\n'}
[0.199617] (-) TimerEvent: {}
[0.209963] (px4_msgs) StdoutLine: {'line': b'-- The CXX compiler identification is GNU 11.4.0\n'}
[0.223048] (px4_msgs) StdoutLine: {'line': b'-- Detecting C compiler ABI info\n'}
[0.299751] (-) TimerEvent: {}
[0.341483] (px4_msgs) StdoutLine: {'line': b'-- Detecting C compiler ABI info - done\n'}
[0.365458] (px4_msgs) StdoutLine: {'line': b'-- Check for working C compiler: /usr/bin/cc - skipped\n'}
[0.366205] (px4_msgs) StdoutLine: {'line': b'-- Detecting C compile features\n'}
[0.367303] (px4_msgs) StdoutLine: {'line': b'-- Detecting C compile features - done\n'}
[0.375125] (px4_msgs) StdoutLine: {'line': b'-- Detecting CXX compiler ABI info\n'}
[0.399874] (-) TimerEvent: {}
[0.500466] (-) TimerEvent: {}
[0.512684] (px4_msgs) StdoutLine: {'line': b'-- Detecting CXX compiler ABI info - done\n'}
[0.538060] (px4_msgs) StdoutLine: {'line': b'-- Check for working CXX compiler: /usr/bin/c++ - skipped\n'}
[0.539047] (px4_msgs) StdoutLine: {'line': b'-- Detecting CXX compile features\n'}
[0.540360] (px4_msgs) StdoutLine: {'line': b'-- Detecting CXX compile features - done\n'}
[0.545471] (px4_msgs) StdoutLine: {'line': b'-- Found ament_cmake: 1.3.10 (/opt/ros/humble/share/ament_cmake/cmake)\n'}
[0.600541] (-) TimerEvent: {}
[0.701082] (-) TimerEvent: {}
[0.801715] (-) TimerEvent: {}
[0.839615] (px4_msgs) StdoutLine: {'line': b'-- Found Python3: /usr/bin/python3 (found version "3.10.12") found components: Interpreter \n'}
[0.901895] (-) TimerEvent: {}
[1.002597] (-) TimerEvent: {}
[1.027869] (px4_msgs) StdoutLine: {'line': b'-- Found builtin_interfaces: 1.2.1 (/opt/ros/humble/share/builtin_interfaces/cmake)\n'}
[1.080171] (px4_msgs) StdoutLine: {'line': b'-- Found rosidl_generator_c: 3.1.5 (/opt/ros/humble/share/rosidl_generator_c/cmake)\n'}
[1.087527] (px4_msgs) StdoutLine: {'line': b'-- Found rosidl_adapter: 3.1.5 (/opt/ros/humble/share/rosidl_adapter/cmake)\n'}
[1.101510] (px4_msgs) StdoutLine: {'line': b'-- Found rosidl_generator_cpp: 3.1.5 (/opt/ros/humble/share/rosidl_generator_cpp/cmake)\n'}
[1.102640] (-) TimerEvent: {}
[1.121982] (px4_msgs) StdoutLine: {'line': b'-- Using all available rosidl_typesupport_c: rosidl_typesupport_fastrtps_c;rosidl_typesupport_introspection_c\n'}
[1.148486] (px4_msgs) StdoutLine: {'line': b'-- Using all available rosidl_typesupport_cpp: rosidl_typesupport_fastrtps_cpp;rosidl_typesupport_introspection_cpp\n'}
[1.173406] (px4_msgs) StdoutLine: {'line': b'-- Found rosidl_default_generators: 1.2.0 (/opt/ros/humble/share/rosidl_default_generators/cmake)\n'}
[1.202749] (-) TimerEvent: {}
[1.303297] (-) TimerEvent: {}
[1.403952] (-) TimerEvent: {}
[1.504504] (-) TimerEvent: {}
[1.605022] (-) TimerEvent: {}
[1.705502] (-) TimerEvent: {}
[1.805945] (-) TimerEvent: {}
[1.906349] (-) TimerEvent: {}
[2.006759] (-) TimerEvent: {}
[2.107205] (-) TimerEvent: {}
[2.207669] (-) TimerEvent: {}
[2.308106] (-) TimerEvent: {}
[2.408540] (-) TimerEvent: {}
[2.508958] (-) TimerEvent: {}
[2.609339] (-) TimerEvent: {}
[2.709749] (-) TimerEvent: {}
[2.810140] (-) TimerEvent: {}
[2.910527] (-) TimerEvent: {}
[3.010941] (-) TimerEvent: {}
[3.111454] (-) TimerEvent: {}
[3.211940] (-) TimerEvent: {}
[3.312410] (-) TimerEvent: {}
[3.412836] (-) TimerEvent: {}
[3.513444] (-) TimerEvent: {}
[3.613870] (-) TimerEvent: {}
[3.667997] (px4_msgs) CommandEnded: {'returncode': -2}
[3.672795] (px4_msgs) StderrLine: {'line': b'Traceback (most recent call last):\n  File "/usr/lib/python3/dist-packages/colcon_parallel_executor/executor/parallel.py", line 75, in execute\n    loop.run_until_complete(future)\n  File "/usr/lib/python3.10/asyncio/base_events.py", line 636, in run_until_complete\n    self.run_forever()\n  File "/usr/lib/python3.10/asyncio/base_events.py", line 603, in run_forever\n    self._run_once()\n  File "/usr/lib/python3.10/asyncio/base_events.py", line 1871, in _run_once\n    event_list = self._selector.select(timeout)\n  File "/usr/lib/python3.10/selectors.py", line 469, in select\n    fd_event_list = self._selector.poll(timeout, max_ev)\nKeyboardInterrupt\n\nDuring handling of the above exception, another exception occurred:\n\nTraceback (most recent call last):\n  File "/usr/lib/python3/dist-packages/colcon_core/executor/__init__.py", line 91, in __call__\n    rc = await self.task(*args, **kwargs)\n  File "/usr/lib/python3/dist-packages/colcon_core/task/__init__.py", line 93, in __call__\n    return await task_method(*args, **kwargs)\n  File "/usr/lib/python3/dist-packages/colcon_ros/task/ament_cmake/build.py", line 59, in build\n    rc = await extension.build(\n  File "/usr/lib/python3/dist-packages/colcon_cmake/task/cmake/build.py", line 87, in build\n    rc = await self._reconfigure(args, env)\n  File "/usr/lib/python3/dist-packages/colcon_cmake/task/cmake/build.py", line 182, in _reconfigure\n    buildfile = get_buildfile(cmake_cache)\n  File "/usr/lib/python3/dist-packages/colcon_cmake/task/cmake/__init__.py", line 114, in get_buildfile\n    if \'Visual Studio\' in generator:\nTypeError: argument of type \'NoneType\' is not iterable\n'}
[3.673285] (px4_msgs) JobEnded: {'identifier': 'px4_msgs', 'rc': 'SIGINT'}
[3.684055] (-) EventReactorShutdown: {}
